<?xml version="1.0" encoding="UTF-8"?>
<!-- Generated by org.testng.reporters.JUnitReportReporter -->
<testsuite skipped="0" hostname="Adila-5.local" name="ticketmaster.runners.CukesRunner" tests="1" failures="0" timestamp="20 Jun 2018 23:26:17 GMT" time="83.443" errors="0">
  <testcase name="runScenario" time="83.443" classname="ticketmaster.runners.CukesRunner"/>
</testsuite> <!-- ticketmaster.runners.CukesRunner -->
