<?xml version="1.0" encoding="UTF-8"?>
<!-- Generated by org.testng.reporters.JUnitReportReporter -->
<testsuite skipped="0" hostname="Adila-5.local" name="ticketmaster.runners.CukesRunner" tests="1" failures="0" timestamp="01 Jun 2018 17:06:49 GMT" time="11.530" errors="0">
  <testcase name="runScenario" time="11.530" classname="ticketmaster.runners.CukesRunner"/>
</testsuite> <!-- ticketmaster.runners.CukesRunner -->
