<?xml version="1.0" encoding="UTF-8"?>
<!-- Generated by org.testng.reporters.JUnitReportReporter -->
<testsuite skipped="0" hostname="Adila-5.local" name="ticketmaster.runners.CukesRunner" tests="1" failures="0" timestamp="01 Jun 2018 19:35:47 GMT" time="11.706" errors="0">
  <testcase name="runScenario" time="11.706" classname="ticketmaster.runners.CukesRunner"/>
</testsuite> <!-- ticketmaster.runners.CukesRunner -->
